17/11/2021 11:44:21 AM ===============================================================================================================================================================================
17/11/2021 11:44:21 AM Debug mode: True
17/11/2021 11:44:21 AM HTTPS: False
17/11/2021 11:44:21 AM Authors: AIR - (@dabm-git)
17/11/2021 11:44:21 AM Version: 1.0
17/11/2021 11:44:21 AM Base URL: http://localhost:2020/scr/v1
17/11/2021 11:44:21 AM ===============================================================================================================================================================================
17/11/2021 11:44:21 AM  * Restarting with stat
17/11/2021 11:47:10 AM ===============================================================================================================================================================================
17/11/2021 11:47:10 AM Debug mode: True
17/11/2021 11:47:10 AM HTTPS: False
17/11/2021 11:47:10 AM Authors: AIR - (@dabm-git)
17/11/2021 11:47:10 AM Version: 1.0
17/11/2021 11:47:10 AM Base URL: http://localhost:2020/scr/v1
17/11/2021 11:47:10 AM ===============================================================================================================================================================================
17/11/2021 11:47:10 AM  * Restarting with stat
17/11/2021 11:51:02 AM ===============================================================================================================================================================================
17/11/2021 11:51:02 AM Debug mode: True
17/11/2021 11:51:02 AM HTTPS: False
17/11/2021 11:51:02 AM Authors: AIR - (@dabm-git)
17/11/2021 11:51:02 AM Version: 1.0
17/11/2021 11:51:02 AM Base URL: http://localhost:2020/scr/v1
17/11/2021 11:51:02 AM ===============================================================================================================================================================================
17/11/2021 11:51:02 AM  * Restarting with stat
17/11/2021 11:52:03 AM ===============================================================================================================================================================================
17/11/2021 11:52:03 AM Debug mode: True
17/11/2021 11:52:03 AM HTTPS: False
17/11/2021 11:52:03 AM Authors: AIR - (@dabm-git)
17/11/2021 11:52:03 AM Version: 1.0
17/11/2021 11:52:03 AM Base URL: http://localhost:2020/scr/v1
17/11/2021 11:52:03 AM ===============================================================================================================================================================================
17/11/2021 11:52:03 AM  * Restarting with stat
17/11/2021 11:53:02 AM ===============================================================================================================================================================================
17/11/2021 11:53:02 AM Debug mode: True
17/11/2021 11:53:02 AM HTTPS: False
17/11/2021 11:53:02 AM Authors: AIR - (@dabm-git)
17/11/2021 11:53:02 AM Version: 1.0
17/11/2021 11:53:02 AM Base URL: http://localhost:2020/scr/v1
17/11/2021 11:53:02 AM ===============================================================================================================================================================================
17/11/2021 11:53:02 AM  * Restarting with stat
17/11/2021 11:54:13 AM ===============================================================================================================================================================================
17/11/2021 11:54:13 AM Debug mode: True
17/11/2021 11:54:13 AM HTTPS: False
17/11/2021 11:54:13 AM Authors: AIR - (@dabm-git)
17/11/2021 11:54:13 AM Version: 1.0
17/11/2021 11:54:13 AM Base URL: http://localhost:2020/scr/v1
17/11/2021 11:54:13 AM ===============================================================================================================================================================================
17/11/2021 11:54:13 AM  * Restarting with stat
17/11/2021 11:57:54 AM ===============================================================================================================================================================================
17/11/2021 11:57:54 AM Debug mode: True
17/11/2021 11:57:54 AM HTTPS: False
17/11/2021 11:57:54 AM Authors: AIR - (@dabm-git)
17/11/2021 11:57:54 AM Version: 1.0
17/11/2021 11:57:54 AM Base URL: http://localhost:2020/scr/v1
17/11/2021 11:57:54 AM ===============================================================================================================================================================================
17/11/2021 11:57:54 AM  * Restarting with stat
